2025-11-06 16:59:09.908 | INFO     | __main__:<module>:17 - Starting model training...
2025-11-06 16:59:13.053 | INFO     | src.prophet_model:train:17 - Training Prophet model...
2025-11-06 16:59:16.294 | SUCCESS  | src.prophet_model:train:19 - Prophet model training complete.
2025-11-06 16:59:16.322 | INFO     | src.prophet_model:save:33 - Model saved at models/prophet_model.pkl
2025-11-06 16:59:16.323 | INFO     | src.prophet_model:forecast:23 - Forecasting next 24 periods...
2025-11-06 16:59:16.858 | SUCCESS  | src.prophet_model:forecast:28 - Forecasting complete.
2025-11-06 16:59:16.876 | INFO     | src.evaluator:evaluate:21 - RMSE: 24.7729, MAPE: 1.21%
2025-11-06 16:59:16.877 | SUCCESS  | src.trainer:run:29 - Training and evaluation complete. Metrics: {'RMSE': np.float64(24.772870853463775), 'MAPE': np.float64(1.2127567017118226)}
2025-11-06 16:59:16.879 | SUCCESS  | __main__:<module>:21 - ✅ Model training and forecasting complete.
2025-11-07 11:04:59.127 | INFO     | __main__:<module>:17 - Starting model training...
2025-11-07 11:05:00.327 | INFO     | src.prophet_model:train:17 - Training Prophet model...
2025-11-07 11:05:04.123 | SUCCESS  | src.prophet_model:train:19 - Prophet model training complete.
2025-11-07 11:05:04.178 | INFO     | src.prophet_model:save:33 - Model saved at models/prophet_model.pkl
2025-11-07 11:05:04.180 | INFO     | src.prophet_model:forecast:23 - Forecasting next 24 periods...
2025-11-07 11:05:04.855 | SUCCESS  | src.prophet_model:forecast:28 - Forecasting complete.
2025-11-07 11:05:04.879 | INFO     | src.evaluator:evaluate:21 - RMSE: 24.7729, MAPE: 1.21%
2025-11-07 11:05:04.880 | SUCCESS  | src.trainer:run:29 - Training and evaluation complete. Metrics: {'RMSE': np.float64(24.772870853463775), 'MAPE': np.float64(1.2127567017118226)}
2025-11-07 11:05:04.883 | SUCCESS  | __main__:<module>:21 - ✅ Model training and forecasting complete.
2025-11-07 11:35:04.112 | INFO     | __main__:<module>:17 - Starting model training...
2025-11-07 11:35:04.116 | INFO     | src.trainer:run:19 - Initializing Prophet model...
2025-11-07 11:35:06.634 | INFO     | src.prophet_model:train:17 - Training Prophet model...
2025-11-07 11:35:09.528 | SUCCESS  | src.prophet_model:train:19 - Prophet model training complete.
2025-11-07 11:35:09.558 | INFO     | src.prophet_model:save:33 - Model saved at models/prophet_model.pkl
2025-11-07 11:35:09.559 | INFO     | src.prophet_model:forecast:23 - Forecasting next 24 periods...
2025-11-07 11:35:09.990 | SUCCESS  | src.prophet_model:forecast:28 - Forecasting complete.
2025-11-07 11:35:10.008 | INFO     | src.evaluator:evaluate:21 - RMSE: 24.7729, MAPE: 1.21%
2025-11-07 11:35:12.306 | INFO     | src.visualizer:plot_static:25 - Static plot saved to models/forecast_plot.png
2025-11-07 11:35:15.309 | INFO     | src.visualizer:plot_interactive:43 - Interactive plot saved to models/forecast_plot.html
2025-11-07 11:35:15.335 | SUCCESS  | src.model_registry:register:26 - Model version saved: models\registry\model_20251107_113515.pkl
2025-11-07 11:35:15.337 | SUCCESS  | src.trainer:run:38 - Training complete. Metrics: {'RMSE': np.float64(24.772870853463775), 'MAPE': np.float64(1.2127567017118226)}
2025-11-07 11:35:15.342 | SUCCESS  | __main__:<module>:21 - ✅ Model training, evaluation, visualization, and versioning complete.
